<?xml version="1.0" encoding="UTF-8"?>
<testsuite name="Tests" tests="5" skipped="0" failures="1" errors="0" timestamp="2022-03-22T08:23:37" hostname="MARINA-GABI" time="2.975">
  <properties/>
  <testcase name="First Test" classname="Tests" time="1.826"/>
  <testcase name="Test3" classname="Tests" time="0.161"/>
  <testcase name="Test4" classname="Tests" time="0.259">
    <failure message="exceptions.RepoException: Repository Exception: Scene doesn't exist!&#10;" type="exceptions.RepoException">exceptions.RepoException: Repository Exception: Scene doesn't exist!

	at repository.RepoScene.findById(RepoScene.java:146)
	at repository.RepoScene.delete(RepoScene.java:105)
	at service.ServiceACS.sceneDelete(ServiceACS.java:64)
	at Tests.testExample4(Tests.java:55)
	at java.base/jdk.internal.reflect.NativeMethodAccessorImpl.invoke0(Native Method)
	at java.base/jdk.internal.reflect.NativeMethodAccessorImpl.invoke(NativeMethodAccessorImpl.java:62)
	at java.base/jdk.internal.reflect.DelegatingMethodAccessorImpl.invoke(DelegatingMethodAccessorImpl.java:43)
	at java.base/java.lang.reflect.Method.invoke(Method.java:567)
	at org.junit.platform.commons.util.ReflectionUtils.invokeMethod(ReflectionUtils.java:725)
	at org.junit.jupiter.engine.execution.MethodInvocation.proceed(MethodInvocation.java:60)
	at org.junit.jupiter.engine.execution.InvocationInterceptorChain$ValidatingInvocation.proceed(InvocationInterceptorChain.java:131)
	at org.junit.jupiter.engine.extension.TimeoutExtension.intercept(TimeoutExtension.java:149)
	at org.junit.jupiter.engine.extension.TimeoutExtension.interceptTestableMethod(TimeoutExtension.java:140)
	at org.junit.jupiter.engine.extension.TimeoutExtension.interceptTestMethod(TimeoutExtension.java:84)
	at org.junit.jupiter.engine.execution.ExecutableInvoker$ReflectiveInterceptorCall.lambda$ofVoidMethod$0(ExecutableInvoker.java:115)
	at org.junit.jupiter.engine.execution.ExecutableInvoker.lambda$invoke$0(ExecutableInvoker.java:105)
	at org.junit.jupiter.engine.execution.InvocationInterceptorChain$InterceptedInvocation.proceed(InvocationInterceptorChain.java:106)
	at org.junit.jupiter.engine.execution.InvocationInterceptorChain.proceed(InvocationInterceptorChain.java:64)
	at org.junit.jupiter.engine.execution.InvocationInterceptorChain.chainAndInvoke(InvocationInterceptorChain.java:45)
	at org.junit.jupiter.engine.execution.InvocationInterceptorChain.invoke(InvocationInterceptorChain.java:37)
	at org.junit.jupiter.engine.execution.ExecutableInvoker.invoke(ExecutableInvoker.java:104)
	at org.junit.jupiter.engine.execution.ExecutableInvoker.invoke(ExecutableInvoker.java:98)
	at org.junit.jupiter.engine.descriptor.TestMethodTestDescriptor.lambda$invokeTestMethod$7(TestMethodTestDescriptor.java:214)
	at org.junit.platform.engine.support.hierarchical.ThrowableCollector.execute(ThrowableCollector.java:73)
	at org.junit.jupiter.engine.descriptor.TestMethodTestDescriptor.invokeTestMethod(TestMethodTestDescriptor.java:210)
	at org.junit.jupiter.engine.descriptor.TestMethodTestDescriptor.execute(TestMethodTestDescriptor.java:135)
	at org.junit.jupiter.engine.descriptor.TestMethodTestDescriptor.execute(TestMethodTestDescriptor.java:66)
	at org.junit.platform.engine.support.hierarchical.NodeTestTask.lambda$executeRecursively$6(NodeTestTask.java:151)
	at org.junit.platform.engine.support.hierarchical.ThrowableCollector.execute(ThrowableCollector.java:73)
	at org.junit.platform.engine.support.hierarchical.NodeTestTask.lambda$executeRecursively$8(NodeTestTask.java:141)
	at org.junit.platform.engine.support.hierarchical.Node.around(Node.java:137)
	at org.junit.platform.engine.support.hierarchical.NodeTestTask.lambda$executeRecursively$9(NodeTestTask.java:139)
	at org.junit.platform.engine.support.hierarchical.ThrowableCollector.execute(ThrowableCollector.java:73)
	at org.junit.platform.engine.support.hierarchical.NodeTestTask.executeRecursively(NodeTestTask.java:138)
	at org.junit.platform.engine.support.hierarchical.NodeTestTask.execute(NodeTestTask.java:95)
	at java.base/java.util.ArrayList.forEach(ArrayList.java:1508)
	at org.junit.platform.engine.support.hierarchical.SameThreadHierarchicalTestExecutorService.invokeAll(SameThreadHierarchicalTestExecutorService.java:41)
	at org.junit.platform.engine.support.hierarchical.NodeTestTask.lambda$executeRecursively$6(NodeTestTask.java:155)
	at org.junit.platform.engine.support.hierarchical.ThrowableCollector.execute(ThrowableCollector.java:73)
	at org.junit.platform.engine.support.hierarchical.NodeTestTask.lambda$executeRecursively$8(NodeTestTask.java:141)
	at org.junit.platform.engine.support.hierarchical.Node.around(Node.java:137)
	at org.junit.platform.engine.support.hierarchical.NodeTestTask.lambda$executeRecursively$9(NodeTestTask.java:139)
	at org.junit.platform.engine.support.hierarchical.ThrowableCollector.execute(ThrowableCollector.java:73)
	at org.junit.platform.engine.support.hierarchical.NodeTestTask.executeRecursively(NodeTestTask.java:138)
	at org.junit.platform.engine.support.hierarchical.NodeTestTask.execute(NodeTestTask.java:95)
	at java.base/java.util.ArrayList.forEach(ArrayList.java:1508)
	at org.junit.platform.engine.support.hierarchical.SameThreadHierarchicalTestExecutorService.invokeAll(SameThreadHierarchicalTestExecutorService.java:41)
	at org.junit.platform.engine.support.hierarchical.NodeTestTask.lambda$executeRecursively$6(NodeTestTask.java:155)
	at org.junit.platform.engine.support.hierarchical.ThrowableCollector.execute(ThrowableCollector.java:73)
	at org.junit.platform.engine.support.hierarchical.NodeTestTask.lambda$executeRecursively$8(NodeTestTask.java:141)
	at org.junit.platform.engine.support.hierarchical.Node.around(Node.java:137)
	at org.junit.platform.engine.support.hierarchical.NodeTestTask.lambda$executeRecursively$9(NodeTestTask.java:139)
	at org.junit.platform.engine.support.hierarchical.ThrowableCollector.execute(ThrowableCollector.java:73)
	at org.junit.platform.engine.support.hierarchical.NodeTestTask.executeRecursively(NodeTestTask.java:138)
	at org.junit.platform.engine.support.hierarchical.NodeTestTask.execute(NodeTestTask.java:95)
	at org.junit.platform.engine.support.hierarchical.SameThreadHierarchicalTestExecutorService.submit(SameThreadHierarchicalTestExecutorService.java:35)
	at org.junit.platform.engine.support.hierarchical.HierarchicalTestExecutor.execute(HierarchicalTestExecutor.java:57)
	at org.junit.platform.engine.support.hierarchical.HierarchicalTestEngine.execute(HierarchicalTestEngine.java:54)
	at org.junit.platform.launcher.core.EngineExecutionOrchestrator.execute(EngineExecutionOrchestrator.java:108)
	at org.junit.platform.launcher.core.EngineExecutionOrchestrator.execute(EngineExecutionOrchestrator.java:88)
	at org.junit.platform.launcher.core.EngineExecutionOrchestrator.lambda$execute$0(EngineExecutionOrchestrator.java:54)
	at org.junit.platform.launcher.core.EngineExecutionOrchestrator.withInterceptedStreams(EngineExecutionOrchestrator.java:67)
	at org.junit.platform.launcher.core.EngineExecutionOrchestrator.execute(EngineExecutionOrchestrator.java:52)
	at org.junit.platform.launcher.core.DefaultLauncher.execute(DefaultLauncher.java:96)
	at org.junit.platform.launcher.core.DefaultLauncher.execute(DefaultLauncher.java:75)
	at org.gradle.api.internal.tasks.testing.junitplatform.JUnitPlatformTestClassProcessor$CollectAllTestClassesExecutor.processAllTestClasses(JUnitPlatformTestClassProcessor.java:99)
	at org.gradle.api.internal.tasks.testing.junitplatform.JUnitPlatformTestClassProcessor$CollectAllTestClassesExecutor.access$000(JUnitPlatformTestClassProcessor.java:79)
	at org.gradle.api.internal.tasks.testing.junitplatform.JUnitPlatformTestClassProcessor.stop(JUnitPlatformTestClassProcessor.java:75)
	at org.gradle.api.internal.tasks.testing.SuiteTestClassProcessor.stop(SuiteTestClassProcessor.java:61)
	at java.base/jdk.internal.reflect.NativeMethodAccessorImpl.invoke0(Native Method)
	at java.base/jdk.internal.reflect.NativeMethodAccessorImpl.invoke(NativeMethodAccessorImpl.java:62)
	at java.base/jdk.internal.reflect.DelegatingMethodAccessorImpl.invoke(DelegatingMethodAccessorImpl.java:43)
	at java.base/java.lang.reflect.Method.invoke(Method.java:567)
	at org.gradle.internal.dispatch.ReflectionDispatch.dispatch(ReflectionDispatch.java:36)
	at org.gradle.internal.dispatch.ReflectionDispatch.dispatch(ReflectionDispatch.java:24)
	at org.gradle.internal.dispatch.ContextClassLoaderDispatch.dispatch(ContextClassLoaderDispatch.java:33)
	at org.gradle.internal.dispatch.ProxyDispatchAdapter$DispatchingInvocationHandler.invoke(ProxyDispatchAdapter.java:94)
	at com.sun.proxy.$Proxy2.stop(Unknown Source)
	at org.gradle.api.internal.tasks.testing.worker.TestWorker.stop(TestWorker.java:135)
	at java.base/jdk.internal.reflect.NativeMethodAccessorImpl.invoke0(Native Method)
	at java.base/jdk.internal.reflect.NativeMethodAccessorImpl.invoke(NativeMethodAccessorImpl.java:62)
	at java.base/jdk.internal.reflect.DelegatingMethodAccessorImpl.invoke(DelegatingMethodAccessorImpl.java:43)
	at java.base/java.lang.reflect.Method.invoke(Method.java:567)
	at org.gradle.internal.dispatch.ReflectionDispatch.dispatch(ReflectionDispatch.java:36)
	at org.gradle.internal.dispatch.ReflectionDispatch.dispatch(ReflectionDispatch.java:24)
	at org.gradle.internal.remote.internal.hub.MessageHubBackedObjectConnection$DispatchWrapper.dispatch(MessageHubBackedObjectConnection.java:182)
	at org.gradle.internal.remote.internal.hub.MessageHubBackedObjectConnection$DispatchWrapper.dispatch(MessageHubBackedObjectConnection.java:164)
	at org.gradle.internal.remote.internal.hub.MessageHub$Handler.run(MessageHub.java:414)
	at org.gradle.internal.concurrent.ExecutorPolicy$CatchAndRecordFailures.onExecute(ExecutorPolicy.java:64)
	at org.gradle.internal.concurrent.ManagedExecutorImpl$1.run(ManagedExecutorImpl.java:48)
	at java.base/java.util.concurrent.ThreadPoolExecutor.runWorker(ThreadPoolExecutor.java:1128)
	at java.base/java.util.concurrent.ThreadPoolExecutor$Worker.run(ThreadPoolExecutor.java:628)
	at org.gradle.internal.concurrent.ThreadFactoryImpl$ManagedThreadRunnable.run(ThreadFactoryImpl.java:56)
	at java.base/java.lang.Thread.run(Thread.java:830)
</failure>
  </testcase>
  <testcase name="Test5" classname="Tests" time="0.387"/>
  <testcase name="SecondTest" classname="Tests" time="0.337"/>
  <system-out><![CDATA[22 Mar 2022 10:23:38,000 TRACE repository.RepoArtists 121 findById - Enter Parameters: 2
22 Mar 2022 10:23:38,015 INFO  repository.JdbcUtils 32 getConnection - trying to connect to database ... jdbc:postgresql://localhost:5432/postgres
22 Mar 2022 10:23:38,019 INFO  repository.JdbcUtils 33 getConnection - user: postgres
22 Mar 2022 10:23:38,030 INFO  repository.JdbcUtils 34 getConnection - pass: Catinei18
22 Mar 2022 10:23:38,782 TRACE repository.JdbcUtils 41 getConnection - Exit
22 Mar 2022 10:23:38,845 TRACE repository.RepoCustomer 120 findById - Enter Parameters: 1
22 Mar 2022 10:23:38,846 INFO  repository.JdbcUtils 32 getConnection - trying to connect to database ... jdbc:postgresql://localhost:5432/postgres
22 Mar 2022 10:23:38,849 INFO  repository.JdbcUtils 33 getConnection - user: postgres
22 Mar 2022 10:23:38,853 INFO  repository.JdbcUtils 34 getConnection - pass: Catinei18
22 Mar 2022 10:23:38,942 TRACE repository.JdbcUtils 41 getConnection - Exit
22 Mar 2022 10:23:38,949 TRACE repository.RepoCustomer 133 findById - Exit
22 Mar 2022 10:23:38,988 TRACE repository.RepoScene 53 add - Enter Parameters Scene{id=0, name='scene', capacity=120}: 
insert into "Scene" ("Name", "Capacity") values (?,?)
22 Mar 2022 10:23:38,990 INFO  repository.JdbcUtils 32 getConnection - trying to connect to database ... jdbc:postgresql://localhost:5432/postgres
22 Mar 2022 10:23:38,990 INFO  repository.JdbcUtils 33 getConnection - user: postgres
22 Mar 2022 10:23:38,992 INFO  repository.JdbcUtils 34 getConnection - pass: Catinei18
22 Mar 2022 10:23:39,119 TRACE repository.JdbcUtils 41 getConnection - Exit
22 Mar 2022 10:23:39,120 TRACE repository.RepoScene 61 add - Exit
22 Mar 2022 10:23:39,128 TRACE repository.RepoScene 102 delete - Enter Parameters: 19
22 Mar 2022 10:23:39,129 INFO  repository.JdbcUtils 32 getConnection - trying to connect to database ... jdbc:postgresql://localhost:5432/postgres
22 Mar 2022 10:23:39,129 INFO  repository.JdbcUtils 33 getConnection - user: postgres
22 Mar 2022 10:23:39,130 INFO  repository.JdbcUtils 34 getConnection - pass: Catinei18
22 Mar 2022 10:23:39,236 TRACE repository.JdbcUtils 41 getConnection - Exit
22 Mar 2022 10:23:39,236 TRACE repository.RepoScene 121 findById - Enter Parameters: 19
22 Mar 2022 10:23:39,237 INFO  repository.JdbcUtils 32 getConnection - trying to connect to database ... jdbc:postgresql://localhost:5432/postgres
22 Mar 2022 10:23:39,237 INFO  repository.JdbcUtils 33 getConnection - user: postgres
22 Mar 2022 10:23:39,238 INFO  repository.JdbcUtils 34 getConnection - pass: Catinei18
22 Mar 2022 10:23:39,377 TRACE repository.JdbcUtils 41 getConnection - Exit
22 Mar 2022 10:23:39,387 TRACE repository.RepoScene 53 add - Enter Parameters Scene{id=0, name='scenee', capacity=120}: 
insert into "Scene" ("Name", "Capacity") values (?,?)
22 Mar 2022 10:23:39,389 INFO  repository.JdbcUtils 32 getConnection - trying to connect to database ... jdbc:postgresql://localhost:5432/postgres
22 Mar 2022 10:23:39,390 INFO  repository.JdbcUtils 33 getConnection - user: postgres
22 Mar 2022 10:23:39,390 INFO  repository.JdbcUtils 34 getConnection - pass: Catinei18
22 Mar 2022 10:23:39,766 TRACE repository.JdbcUtils 41 getConnection - Exit
22 Mar 2022 10:23:39,767 TRACE repository.RepoScene 61 add - Exit
22 Mar 2022 10:23:39,777 TRACE repository.RepoArtists 22 size - Enter
22 Mar 2022 10:23:39,778 INFO  repository.RepoArtists 25 size - trying to connect to database ... 
22 Mar 2022 10:23:39,778 TRACE repository.RepoArtists 26 size - Enter Parameters 0
22 Mar 2022 10:23:39,779 INFO  repository.JdbcUtils 32 getConnection - trying to connect to database ... jdbc:postgresql://localhost:5432/postgres
22 Mar 2022 10:23:39,779 INFO  repository.JdbcUtils 33 getConnection - user: postgres
22 Mar 2022 10:23:39,780 INFO  repository.JdbcUtils 34 getConnection - pass: Catinei18
22 Mar 2022 10:23:40,030 TRACE repository.JdbcUtils 41 getConnection - Exit
22 Mar 2022 10:23:40,036 TRACE repository.RepoArtists 45 size - Exit
22 Mar 2022 10:23:40,036 TRACE repository.RepoCustomer 26 size - Enter
22 Mar 2022 10:23:40,037 INFO  repository.JdbcUtils 32 getConnection - trying to connect to database ... jdbc:postgresql://localhost:5432/postgres
22 Mar 2022 10:23:40,038 INFO  repository.JdbcUtils 33 getConnection - user: postgres
22 Mar 2022 10:23:40,038 INFO  repository.JdbcUtils 34 getConnection - pass: Catinei18
22 Mar 2022 10:23:40,106 TRACE repository.JdbcUtils 41 getConnection - Exit
22 Mar 2022 10:23:40,110 TRACE repository.RepoCustomer 47 size - Exit
]]></system-out>
  <system-err><![CDATA[]]></system-err>
</testsuite>
